Data directory set to: /home/tech/DSR/data
Ensured data directory exists: /home/tech/DSR/data
Ensured shows directory exists: /home/tech/DSR/data/shows
Server running at http://0.0.0.0:3001
Data directory: /home/tech/DSR/data
Starting background PDF update process, checking every 60 seconds
Checking for shows needing PDF updates...
Found 0 shows needing PDF updates
Checking for shows needing PDF updates...
Found 0 shows needing PDF updates
Checking for shows needing PDF updates...
Found 0 shows needing PDF updates
Checking for shows needing PDF updates...
Found 0 shows needing PDF updates
Checking for shows needing PDF updates...
Found 0 shows needing PDF updates
Checking for shows needing PDF updates...
Found 0 shows needing PDF updates
Checking for shows needing PDF updates...
Found 0 shows needing PDF updates
Checking for shows needing PDF updates...
Found 0 shows needing PDF updates
Checking for shows needing PDF updates...
Found 0 shows needing PDF updates
Checking for shows needing PDF updates...
Found 0 shows needing PDF updates
Checking for shows needing PDF updates...
Found 0 shows needing PDF updates
Checking for shows needing PDF updates...
Found 0 shows needing PDF updates
Checking for shows needing PDF updates...
Found 0 shows needing PDF updates
Checking for shows needing PDF updates...
Found 0 shows needing PDF updates
Checking for shows needing PDF updates...
Found 0 shows needing PDF updates
Checking for shows needing PDF updates...
Found 0 shows needing PDF updates
Checking for shows needing PDF updates...
Found 0 shows needing PDF updates
Checking for shows needing PDF updates...
Found 0 shows needing PDF updates
Checking for shows needing PDF updates...
Found 0 shows needing PDF updates
Checking for shows needing PDF updates...
Found 0 shows needing PDF updates
Checking for shows needing PDF updates...
Found 0 shows needing PDF updates
Checking for shows needing PDF updates...
Found 0 shows needing PDF updates
Checking for shows needing PDF updates...
Found 0 shows needing PDF updates
Checking for shows needing PDF updates...
Found 0 shows needing PDF updates
Checking for shows needing PDF updates...
Found 0 shows needing PDF updates
Checking for shows needing PDF updates...
Found 0 shows needing PDF updates
Checking for shows needing PDF updates...
Found 0 shows needing PDF updates
Checking for shows needing PDF updates...
Found 0 shows needing PDF updates
Checking for shows needing PDF updates...
Found 0 shows needing PDF updates
Checking for shows needing PDF updates...
Found 0 shows needing PDF updates
Checking for shows needing PDF updates...
Found 0 shows needing PDF updates
Checking for shows needing PDF updates...
Found 0 shows needing PDF updates
Checking for shows needing PDF updates...
Found 0 shows needing PDF updates
Checking for shows needing PDF updates...
Found 0 shows needing PDF updates
Checking for shows needing PDF updates...
Found 0 shows needing PDF updates
Checking for shows needing PDF updates...
Found 0 shows needing PDF updates
Checking for shows needing PDF updates...
Found 0 shows needing PDF updates
Checking for shows needing PDF updates...
Found 0 shows needing PDF updates
Checking for shows needing PDF updates...
Found 0 shows needing PDF updates
Checking for shows needing PDF updates...
Found 0 shows needing PDF updates
Checking for shows needing PDF updates...
Found 0 shows needing PDF updates
Checking for shows needing PDF updates...
Found 0 shows needing PDF updates
Checking for shows needing PDF updates...
Found 0 shows needing PDF updates
Checking for shows needing PDF updates...
Found 0 shows needing PDF updates
Checking for shows needing PDF updates...
Found 0 shows needing PDF updates
Checking for shows needing PDF updates...
Found 0 shows needing PDF updates
Checking for shows needing PDF updates...
Found 0 shows needing PDF updates